<?xml version="1.0" encoding="UTF-8"?>
<!-- Generated by org.testng.reporters.JUnitReportReporter -->
<testsuite skipped="0" hostname="DESKTOP-6A7BK1O" name="com.qa.testcases.TC_003" tests="1" failures="0" timestamp="23 Sep 2020 12:16:15 GMT" time="103.025" errors="0">
  <testcase name="EnterFlightDetailsAndClickBtn" time="103.025" classname="com.qa.testcases.TC_003"/>
</testsuite> <!-- com.qa.testcases.TC_003 -->
