<?xml version="1.0" encoding="UTF-8"?>
<!-- Generated by org.testng.reporters.JUnitReportReporter -->
<testsuite skipped="0" hostname="DESKTOP-6A7BK1O" name="com.qa.testcases.TC_002" tests="1" failures="0" timestamp="23 Sep 2020 09:09:53 GMT" time="0.860" errors="0">
  <testcase name="EnterFlightDetailsAndClickBtn" time="0.860" classname="com.qa.testcases.TC_002"/>
</testsuite> <!-- com.qa.testcases.TC_002 -->
