<?xml version="1.0" encoding="UTF-8"?>
<!-- Generated by org.testng.reporters.JUnitReportReporter -->
<testsuite skipped="0" hostname="Govind-PC" name="com.qa.testcases.TC_004" tests="1" failures="0" timestamp="2020-10-05T21:20:13 IST" time="6.853" errors="0">
  <testcase name="enterFlightDetailsSpecific" time="6.853" classname="com.qa.testcases.TC_004"/>
  <system-out/>
</testsuite> <!-- com.qa.testcases.TC_004 -->
