<?xml version="1.0" encoding="UTF-8"?>
<!-- Generated by org.testng.reporters.JUnitReportReporter -->
<testsuite skipped="0" hostname="Govind-PC" name="com.qa.testcases.TC_003" tests="1" failures="0" timestamp="2020-10-05T14:20:49 IST" time="21.521" errors="0">
  <testcase name="EnterFlightDetailsAndClickBtn" time="21.521" classname="com.qa.testcases.TC_003"/>
  <system-out/>
</testsuite> <!-- com.qa.testcases.TC_003 -->
