<?xml version="1.0" encoding="UTF-8"?>
<!-- Generated by org.testng.reporters.JUnitReportReporter -->
<testsuite skipped="0" hostname="DESKTOP-6A7BK1O" name="com.qa.testcases.TC_001" tests="1" failures="0" timestamp="23 Sep 2020 08:42:14 GMT" time="0.023" errors="0">
  <testcase name="checkUIConnectivity" time="0.023" classname="com.qa.testcases.TC_001"/>
</testsuite> <!-- com.qa.testcases.TC_001 -->
