<?xml version="1.0" encoding="UTF-8"?>
<!-- Generated by org.testng.reporters.JUnitReportReporter -->
<testsuite skipped="0" hostname="Govind-PC" name="com.qa.testcases.TC_005" tests="1" failures="0" timestamp="2020-10-06T00:36:52 IST" time="16.440" errors="0">
  <testcase name="chooseCheapestFlight" time="16.440" classname="com.qa.testcases.TC_005"/>
  <system-out/>
</testsuite> <!-- com.qa.testcases.TC_005 -->
